<?xml version="1.0" encoding="UTF-8"?>
<!-- Generated by org.testng.reporters.JUnitReportReporter -->
<testsuite hostname="GSY-IBhangu" name="TestAutomation.Test" tests="1" failures="0" timestamp="5 Feb 2020 02:00:22 GMT" time="212.849" errors="0">
  <testcase name="m1" time="212.849" classname="TestAutomation.Test"/>
</testsuite> <!-- TestAutomation.Test -->
