<?xml version="1.0" encoding="UTF-8"?>
<!-- Generated by org.testng.reporters.JUnitReportReporter -->
<testsuite hostname="GSY-IBhangu" name="TestAutomation.Test" tests="1" failures="0" timestamp="3 Feb 2020 21:37:10 GMT" time="102.477" errors="0">
  <testcase name="m1" time="102.477" classname="TestAutomation.Test"/>
</testsuite> <!-- TestAutomation.Test -->
